26 Jan 2025 13:55:46 [Server thread]: Database: [Load] flatfile [Save] flatfile
26 Jan 2025 13:55:46 [Server thread]: Database: Loaded in 30ms.
26 Jan 2025 13:55:46 [Server thread]: Config: 0.101.0.5 applying 1 automatic update...
26 Jan 2025 13:55:46 [Server thread]: The 'nationCapitalBonusOutpostLimit' option in the nation levels at numResidents = 0 does not have a value, falling back to '0'.
26 Jan 2025 13:55:46 [Server thread]: The 'nationCapitalBonusOutpostLimit' option in the nation levels at numResidents = 10 does not have a value, falling back to '0'.
26 Jan 2025 13:55:46 [Server thread]: The 'nationCapitalBonusOutpostLimit' option in the nation levels at numResidents = 20 does not have a value, falling back to '0'.
26 Jan 2025 13:55:46 [Server thread]: The 'nationCapitalBonusOutpostLimit' option in the nation levels at numResidents = 30 does not have a value, falling back to '0'.
26 Jan 2025 13:55:46 [Server thread]: The 'nationCapitalBonusOutpostLimit' option in the nation levels at numResidents = 40 does not have a value, falling back to '0'.
26 Jan 2025 13:55:46 [Server thread]: The 'nationCapitalBonusOutpostLimit' option in the nation levels at numResidents = 60 does not have a value, falling back to '0'.
26 Jan 2025 13:55:46 [ForkJoinPool.commonPool-worker-1]: Cleaning up old backups...
26 Jan 2025 13:55:46 [ForkJoinPool.commonPool-worker-1]: Successfully cleaned backups.
26 Jan 2025 13:55:46 [ForkJoinPool.commonPool-worker-1]: Making backup...
26 Jan 2025 13:55:46 [Folia Async Scheduler Thread #0]: Time until a New Day: 22 hours, 4 minutes, 14 seconds
26 Jan 2025 13:55:46 [Folia Async Scheduler Thread #1]: Checking for updates...
26 Jan 2025 13:55:46 [Folia Async Scheduler Thread #1]: No new updates found.
26 Jan 2025 13:55:46 [Server thread]: Searching for third-party plugins...
26 Jan 2025 13:55:46 [Server thread]: Plugins found: 
26 Jan 2025 13:55:46 [Server thread]:   Permissions: TownyPerms, BukkitPermissions
26 Jan 2025 13:55:46 [Server thread]:   Economy: EssentialsX Economy via Vault (Legacy)
26 Jan 2025 13:55:46 [Server thread]:   Add-ons: PlaceholderAPI v2.11.6
26 Jan 2025 13:55:46 [Server thread]: ------------------------------------
26 Jan 2025 13:55:46 [Server thread]: ChangeLog since v0.100.4.0:
26 Jan 2025 13:55:46 [Server thread]: <snip>
26 Jan 2025 13:55:46 [Server thread]: Changelog continues for another 131 lines.
26 Jan 2025 13:55:46 [Server thread]: To read the full changelog since 0.100.4.0, go to https://github.com/TownyAdvanced/Towny/blob/master/Towny/src/main/resources/ChangeLog.txt#L9975
26 Jan 2025 13:55:46 [Server thread]: ------------------------------------
26 Jan 2025 13:55:46 [Server thread]: Version: 0.101.1.0 - Plugin Enabled
26 Jan 2025 13:55:46 [ForkJoinPool.commonPool-worker-1]: Towny flatfiles and settings successfully backed up.
26 Jan 2025 14:35:24 [Server thread]: Disabling Towny v0.101.1.0
26 Jan 2025 14:35:24 [Server thread]: Finishing File IO Tasks...
26 Jan 2025 14:35:24 [Server thread]: Finishing Universe Tasks...
26 Jan 2025 14:35:24 [Server thread]: Version: 0.101.1.0 - Plugin Disabled
